#
# There is insufficient memory for the Java Runtime Environment to continue.
# Native memory allocation (malloc) failed to allocate 1048576 bytes. Error detail: AllocateHeap
# Possible reasons:
#   The system is out of physical RAM or swap space
#   This process is running with CompressedOops enabled, and the Java Heap may be blocking the growth of the native heap
# Possible solutions:
#   Reduce memory load on the system
#   Increase physical memory or swap space
#   Check if swap backing store is full
#   Decrease Java heap size (-Xmx/-Xms)
#   Decrease number of Java threads
#   Decrease Java thread stack sizes (-Xss)
#   Set larger code cache with -XX:ReservedCodeCacheSize=
#   JVM is running with Unscaled Compressed Oops mode in which the Java heap is
#     placed in the first 4GB address space. The Java Heap base address is the
#     maximum limit for the native heap growth. Please use -XX:HeapBaseMinAddress
#     to set the Java Heap base and to place the Java Heap above 4GB virtual address.
# This output file may be truncated or incomplete.
#
#  Out of Memory Error (allocation.cpp:44), pid=20172, tid=14096
#
# JRE version:  (17.0.11+9) (build )
# Java VM: OpenJDK 64-Bit Server VM (17.0.11+9, mixed mode, tiered, compressed oops, compressed class ptrs, parallel gc, windows-amd64)
# No core dump will be written. Minidumps are not enabled by default on client versions of Windows
#

---------------  S U M M A R Y ------------

Command Line: --add-modules=ALL-SYSTEM --add-opens=java.base/java.util=ALL-UNNAMED --add-opens=java.base/java.lang=ALL-UNNAMED --add-opens=java.base/sun.nio.fs=ALL-UNNAMED -Declipse.application=org.eclipse.jdt.ls.core.id1 -Dosgi.bundles.defaultStartLevel=4 -Declipse.product=org.eclipse.jdt.ls.core.product -Djava.import.generatesMetadataFilesAtProjectRoot=false -DDetectVMInstallationsJob.disabled=true -Dfile.encoding=utf8 -XX:+UseParallelGC -XX:GCTimeRatio=4 -XX:AdaptiveSizePolicyWeight=90 -Dsun.zip.disableMemoryMapping=true -Xmx1G -Xms100m -Xlog:disable -javaagent:c:\Users\HP\.vscode\extensions\redhat.java-1.31.0-win32-x64\lombok\lombok-1.18.32.jar -XX:+HeapDumpOnOutOfMemoryError -XX:HeapDumpPath=c:\Users\HP\AppData\Roaming\Code\User\workspaceStorage\2f977c04b0bb42a9f5004a4c1919a20f\redhat.java -Daether.dependencyCollector.impl=bf c:\Users\HP\.vscode\extensions\redhat.java-1.31.0-win32-x64\server\plugins\org.eclipse.equinox.launcher_1.6.800.v20240513-1750.jar -configuration c:\Users\HP\AppData\Roaming\Code\User\globalStorage\redhat.java\1.31.0\config_win -data c:\Users\HP\AppData\Roaming\Code\User\workspaceStorage\2f977c04b0bb42a9f5004a4c1919a20f\redhat.java\jdt_ws --pipe=\\.\pipe\lsp-b3b1a50e88881e0bd08928898f452395-sock

Host: 11th Gen Intel(R) Core(TM) i7-1165G7 @ 2.80GHz, 8 cores, 15G,  Windows 11 , 64 bit Build 22621 (10.0.22621.3672)
Time: Fri Jun 21 16:28:31 2024 Greenwich Standard Time elapsed time: 0.079419 seconds (0d 0h 0m 0s)

---------------  T H R E A D  ---------------

Current thread (0x000001ca81c75c20):  JavaThread "Unknown thread" [_thread_in_vm, id=14096, stack(0x0000006489d00000,0x0000006489e00000)]

Stack: [0x0000006489d00000,0x0000006489e00000]
Native frames: (J=compiled Java code, j=interpreted, Vv=VM code, C=native code)
V  [jvm.dll+0x67d429]
V  [jvm.dll+0x834b7a]
V  [jvm.dll+0x83663e]
V  [jvm.dll+0x836ca3]
V  [jvm.dll+0x247dbf]
V  [jvm.dll+0xa6cb3]
V  [jvm.dll+0x6b0076]
V  [jvm.dll+0x6b0c4f]
V  [jvm.dll+0x689b53]
V  [jvm.dll+0x806c4b]
V  [jvm.dll+0x36c5e4]
V  [jvm.dll+0x7e4f56]
V  [jvm.dll+0x3efdcf]
V  [jvm.dll+0x3f1921]
C  [jli.dll+0x528f]
C  [ucrtbase.dll+0x29333]
C  [KERNEL32.DLL+0x1257d]
C  [ntdll.dll+0x5af28]


---------------  P R O C E S S  ---------------

Threads class SMR info:
_java_thread_list=0x00007ffa92edeed8, length=0, elements={
}

Java Threads: ( => current thread )

Other Threads:
  0x000001ca81c88110 GCTaskThread "GC Thread#0" [stack: 0x0000006489e00000,0x0000006489f00000] [id=5828]

=>0x000001ca81c75c20 (exited) JavaThread "Unknown thread" [_thread_in_vm, id=14096, stack(0x0000006489d00000,0x0000006489e00000)]

Threads with active compile tasks:

VM state: not at safepoint (normal execution)

VM Mutex/Monitor currently owned by a thread: None

Heap address: 0x00000000c0000000, size: 1024 MB, Compressed Oops mode: 32-bit

CDS archive(s) not mapped
Compressed class space mapped at: 0x0000000100000000-0x0000000140000000, reserved size: 1073741824
Narrow klass base: 0x0000000000000000, Narrow klass shift: 3, Narrow klass range: 0x140000000

GC Precious Log:
 CPUs: 8 total, 8 available
 Memory: 16149M
 Large Page Support: Disabled
 NUMA Support: Disabled
 Compressed Oops: Enabled (32-bit)
 Alignments: Space 512K, Generation 512K, Heap 2M
 Heap Min Capacity: 100M
 Heap Initial Capacity: 100M
 Heap Max Capacity: 1G
 Pre-touch: Disabled
 Parallel Workers: 8

Heap:
 PSYoungGen      total 29696K, used 512K [0x00000000eab00000, 0x00000000ecc00000, 0x0000000100000000)
  eden space 25600K, 2% used [0x00000000eab00000,0x00000000eab80070,0x00000000ec400000)
  from space 4096K, 0% used [0x00000000ec800000,0x00000000ec800000,0x00000000ecc00000)
  to   space 4096K, 0% used [0x00000000ec400000,0x00000000ec400000,0x00000000ec800000)
 ParOldGen       total 68608K, used 0K [0x00000000c0000000, 0x00000000c4300000, 0x00000000eab00000)
  object space 68608K, 0% used [0x00000000c0000000,0x00000000c0000000,0x00000000c4300000)
 Metaspace       used 1149K, committed 1216K, reserved 1114112K
  class space    used 101K, committed 128K, reserved 1048576K

Card table byte_map: [0x000001ca81620000,0x000001ca81830000] _byte_map_base: 0x000001ca81020000

Marking Bits: (ParMarkBitMap*) 0x00007ffa92f4d820
 Begin Bits: [0x000001ca938f0000, 0x000001ca948f0000)
 End Bits:   [0x000001ca948f0000, 0x000001ca958f0000)

Polling page: 0x000001ca81410000

Metaspace:

Usage:
  Non-class:      1.02 MB used.
      Class:    101.05 KB used.
       Both:      1.12 MB used.

Virtual space:
  Non-class space:       64.00 MB reserved,       1.06 MB (  2%) committed,  1 nodes.
      Class space:        1.00 GB reserved,     128.00 KB ( <1%) committed,  1 nodes.
             Both:        1.06 GB reserved,       1.19 MB ( <1%) committed. 

Chunk freelists:
   Non-Class:  12.00 MB
       Class:  15.75 MB
        Both:  27.75 MB

MaxMetaspaceSize: unlimited
CompressedClassSpaceSize: 1.00 GB
Initial GC threshold: 21.00 MB
Current GC threshold: 17179869184.00 GB
CDS: off
MetaspaceReclaimPolicy: balanced
 - commit_granule_bytes: 65536.
 - commit_granule_words: 8192.
 - virtual_space_node_default_size: 8388608.
 - enlarge_chunks_in_place: 1.
 - new_chunks_are_fully_committed: 0.
 - uncommit_free_chunks: 1.
 - use_allocation_guard: 0.
 - handle_deallocations: 1.


Internal statistics:

num_allocs_failed_limit: 0.
num_arena_births: 2.
num_arena_deaths: 0.
num_vsnodes_births: 2.
num_vsnodes_deaths: 0.
num_space_committed: 19.
num_space_uncommitted: 0.
num_chunks_returned_to_freelist: 0.
num_chunks_taken_from_freelist: 3.
num_chunk_merges: 0.
num_chunk_splits: 2.
num_chunks_enlarged: 0.
num_inconsistent_stats: 0.

CodeHeap 'non-profiled nmethods': size=120000Kb used=0Kb max_used=0Kb free=120000Kb
 bounds [0x000001ca8c3c0000, 0x000001ca8c630000, 0x000001ca938f0000]
CodeHeap 'profiled nmethods': size=120000Kb used=0Kb max_used=0Kb free=120000Kb
 bounds [0x000001ca848f0000, 0x000001ca84b60000, 0x000001ca8be20000]
CodeHeap 'non-nmethods': size=5760Kb used=209Kb max_used=360Kb free=5550Kb
 bounds [0x000001ca8be20000, 0x000001ca8c090000, 0x000001ca8c3c0000]
 total_blobs=66 nmethods=0 adapters=47
 compilation: enabled
              stopped_count=0, restarted_count=0
 full_count=0

Compilation events (0 events):
No events

GC Heap History (0 events):
No events

Dll operation events (1 events):
Event: 0.046 Loaded shared library c:\Users\HP\.vscode\extensions\redhat.java-1.31.0-win32-x64\jre\17.0.11-win32-x86_64\bin\java.dll

Deoptimization events (0 events):
No events

Classes unloaded (0 events):
No events

Classes redefined (0 events):
No events

Internal exceptions (0 events):
No events

VM Operations (0 events):
No events

Events (20 events):
Event: 0.071 loading class java/lang/Long
Event: 0.072 loading class java/lang/Long done
Event: 0.072 loading class java/util/Iterator
Event: 0.072 loading class java/util/Iterator done
Event: 0.072 loading class java/lang/reflect/RecordComponent
Event: 0.072 loading class java/lang/reflect/RecordComponent done
Event: 0.072 loading class jdk/internal/vm/vector/VectorSupport
Event: 0.072 loading class jdk/internal/vm/vector/VectorSupport done
Event: 0.072 loading class jdk/internal/vm/vector/VectorSupport$VectorPayload
Event: 0.072 loading class jdk/internal/vm/vector/VectorSupport$VectorPayload done
Event: 0.072 loading class jdk/internal/vm/vector/VectorSupport$Vector
Event: 0.072 loading class jdk/internal/vm/vector/VectorSupport$Vector done
Event: 0.072 loading class jdk/internal/vm/vector/VectorSupport$VectorMask
Event: 0.072 loading class jdk/internal/vm/vector/VectorSupport$VectorMask done
Event: 0.072 loading class jdk/internal/vm/vector/VectorSupport$VectorShuffle
Event: 0.072 loading class jdk/internal/vm/vector/VectorSupport$VectorShuffle done
Event: 0.074 loading class java/lang/NullPointerException
Event: 0.074 loading class java/lang/NullPointerException done
Event: 0.074 loading class java/lang/ArithmeticException
Event: 0.074 loading class java/lang/ArithmeticException done


Dynamic libraries:
0x00007ff7948d0000 - 0x00007ff7948de000 	c:\Users\HP\.vscode\extensions\redhat.java-1.31.0-win32-x64\jre\17.0.11-win32-x86_64\bin\java.exe
0x00007ffaf9cd0000 - 0x00007ffaf9ee7000 	C:\WINDOWS\SYSTEM32\ntdll.dll
0x00007ffaf84e0000 - 0x00007ffaf85a4000 	C:\WINDOWS\System32\KERNEL32.DLL
0x00007ffaf7260000 - 0x00007ffaf760c000 	C:\WINDOWS\System32\KERNELBASE.dll
0x00007ffaf18f0000 - 0x00007ffaf1987000 	C:\WINDOWS\SYSTEM32\apphelp.dll
0x00007ffaf7780000 - 0x00007ffaf7891000 	C:\WINDOWS\System32\ucrtbase.dll
0x00007ffaf3af0000 - 0x00007ffaf3b07000 	c:\Users\HP\.vscode\extensions\redhat.java-1.31.0-win32-x64\jre\17.0.11-win32-x86_64\bin\jli.dll
0x00007ffaf3ab0000 - 0x00007ffaf3acb000 	c:\Users\HP\.vscode\extensions\redhat.java-1.31.0-win32-x64\jre\17.0.11-win32-x86_64\bin\VCRUNTIME140.dll
0x00007ffaf9110000 - 0x00007ffaf92be000 	C:\WINDOWS\System32\USER32.dll
0x00007ffaf70a0000 - 0x00007ffaf70c6000 	C:\WINDOWS\System32\win32u.dll
0x00007ffad4b80000 - 0x00007ffad4e13000 	C:\WINDOWS\WinSxS\amd64_microsoft.windows.common-controls_6595b64144ccf1df_6.0.22621.3672_none_2713b9d173822955\COMCTL32.dll
0x00007ffaf9740000 - 0x00007ffaf9769000 	C:\WINDOWS\System32\GDI32.dll
0x00007ffaf7140000 - 0x00007ffaf7259000 	C:\WINDOWS\System32\gdi32full.dll
0x00007ffaf8f80000 - 0x00007ffaf9027000 	C:\WINDOWS\System32\msvcrt.dll
0x00007ffaf7000000 - 0x00007ffaf709a000 	C:\WINDOWS\System32\msvcp_win.dll
0x00007ffaf93d0000 - 0x00007ffaf9401000 	C:\WINDOWS\System32\IMM32.DLL
0x00007ffaf4810000 - 0x00007ffaf481c000 	c:\Users\HP\.vscode\extensions\redhat.java-1.31.0-win32-x64\jre\17.0.11-win32-x86_64\bin\vcruntime140_1.dll
0x00007ffaf3050000 - 0x00007ffaf30dd000 	c:\Users\HP\.vscode\extensions\redhat.java-1.31.0-win32-x64\jre\17.0.11-win32-x86_64\bin\msvcp140.dll
0x00007ffa923b0000 - 0x00007ffa93012000 	c:\Users\HP\.vscode\extensions\redhat.java-1.31.0-win32-x64\jre\17.0.11-win32-x86_64\bin\server\jvm.dll
0x00007ffaf7a10000 - 0x00007ffaf7ac2000 	C:\WINDOWS\System32\ADVAPI32.dll
0x00007ffaf9690000 - 0x00007ffaf973a000 	C:\WINDOWS\System32\sechost.dll
0x00007ffaf7960000 - 0x00007ffaf7988000 	C:\WINDOWS\System32\bcrypt.dll
0x00007ffaf7ad0000 - 0x00007ffaf7be5000 	C:\WINDOWS\System32\RPCRT4.dll
0x00007ffaf6e10000 - 0x00007ffaf6e5d000 	C:\WINDOWS\SYSTEM32\POWRPROF.dll
0x00007ffae9150000 - 0x00007ffae9184000 	C:\WINDOWS\SYSTEM32\WINMM.dll
0x00007ffae8d40000 - 0x00007ffae8d4a000 	C:\WINDOWS\SYSTEM32\VERSION.dll
0x00007ffac89c0000 - 0x00007ffac89c9000 	C:\WINDOWS\SYSTEM32\WSOCK32.dll
0x00007ffaf9430000 - 0x00007ffaf94a1000 	C:\WINDOWS\System32\ws2_32.DLL
0x00007ffaf6cf0000 - 0x00007ffaf6d03000 	C:\WINDOWS\SYSTEM32\UMPDC.dll
0x00007ffaf6000000 - 0x00007ffaf6018000 	C:\WINDOWS\SYSTEM32\kernel.appcore.dll
0x00007ffaf4770000 - 0x00007ffaf477a000 	c:\Users\HP\.vscode\extensions\redhat.java-1.31.0-win32-x64\jre\17.0.11-win32-x86_64\bin\jimage.dll
0x00007ffaf44c0000 - 0x00007ffaf46f2000 	C:\WINDOWS\SYSTEM32\DBGHELP.DLL
0x00007ffaf7d60000 - 0x00007ffaf80e8000 	C:\WINDOWS\System32\combase.dll
0x00007ffaf95b0000 - 0x00007ffaf9687000 	C:\WINDOWS\System32\OLEAUT32.dll
0x00007ffac08e0000 - 0x00007ffac0912000 	C:\WINDOWS\SYSTEM32\dbgcore.DLL
0x00007ffaf7990000 - 0x00007ffaf7a0b000 	C:\WINDOWS\System32\bcryptPrimitives.dll
0x00007ffaf4750000 - 0x00007ffaf475e000 	c:\Users\HP\.vscode\extensions\redhat.java-1.31.0-win32-x64\jre\17.0.11-win32-x86_64\bin\instrument.dll
0x00007ffaf38c0000 - 0x00007ffaf38e5000 	c:\Users\HP\.vscode\extensions\redhat.java-1.31.0-win32-x64\jre\17.0.11-win32-x86_64\bin\java.dll
0x00007ffaf39d0000 - 0x00007ffaf39e8000 	c:\Users\HP\.vscode\extensions\redhat.java-1.31.0-win32-x64\jre\17.0.11-win32-x86_64\bin\zip.dll

dbghelp: loaded successfully - version: 4.0.5 - missing functions: none
symbol engine: initialized successfully - sym options: 0x614 - pdb path: .;c:\Users\HP\.vscode\extensions\redhat.java-1.31.0-win32-x64\jre\17.0.11-win32-x86_64\bin;C:\WINDOWS\SYSTEM32;C:\WINDOWS\WinSxS\amd64_microsoft.windows.common-controls_6595b64144ccf1df_6.0.22621.3672_none_2713b9d173822955;c:\Users\HP\.vscode\extensions\redhat.java-1.31.0-win32-x64\jre\17.0.11-win32-x86_64\bin\server

VM Arguments:
jvm_args: --add-modules=ALL-SYSTEM --add-opens=java.base/java.util=ALL-UNNAMED --add-opens=java.base/java.lang=ALL-UNNAMED --add-opens=java.base/sun.nio.fs=ALL-UNNAMED -Declipse.application=org.eclipse.jdt.ls.core.id1 -Dosgi.bundles.defaultStartLevel=4 -Declipse.product=org.eclipse.jdt.ls.core.product -Djava.import.generatesMetadataFilesAtProjectRoot=false -DDetectVMInstallationsJob.disabled=true -Dfile.encoding=utf8 -XX:+UseParallelGC -XX:GCTimeRatio=4 -XX:AdaptiveSizePolicyWeight=90 -Dsun.zip.disableMemoryMapping=true -Xmx1G -Xms100m -Xlog:disable -javaagent:c:\Users\HP\.vscode\extensions\redhat.java-1.31.0-win32-x64\lombok\lombok-1.18.32.jar -XX:+HeapDumpOnOutOfMemoryError -XX:HeapDumpPath=c:\Users\HP\AppData\Roaming\Code\User\workspaceStorage\2f977c04b0bb42a9f5004a4c1919a20f\redhat.java -Daether.dependencyCollector.impl=bf 
java_command: c:\Users\HP\.vscode\extensions\redhat.java-1.31.0-win32-x64\server\plugins\org.eclipse.equinox.launcher_1.6.800.v20240513-1750.jar -configuration c:\Users\HP\AppData\Roaming\Code\User\globalStorage\redhat.java\1.31.0\config_win -data c:\Users\HP\AppData\Roaming\Code\User\workspaceStorage\2f977c04b0bb42a9f5004a4c1919a20f\redhat.java\jdt_ws --pipe=\\.\pipe\lsp-b3b1a50e88881e0bd08928898f452395-sock
java_class_path (initial): c:\Users\HP\.vscode\extensions\redhat.java-1.31.0-win32-x64\server\plugins\org.eclipse.equinox.launcher_1.6.800.v20240513-1750.jar
Launcher Type: SUN_STANDARD

[Global flags]
    uintx AdaptiveSizePolicyWeight                 = 90                                        {product} {command line}
     intx CICompilerCount                          = 4                                         {product} {ergonomic}
    uintx GCTimeRatio                              = 4                                         {product} {command line}
     bool HeapDumpOnOutOfMemoryError               = true                                   {manageable} {command line}
    ccstr HeapDumpPath                             = c:\Users\HP\AppData\Roaming\Code\User\workspaceStorage\2f977c04b0bb42a9f5004a4c1919a20f\redhat.java         {manageable} {command line}
   size_t InitialHeapSize                          = 104857600                                 {product} {command line}
   size_t MaxHeapSize                              = 1073741824                                {product} {command line}
   size_t MaxNewSize                               = 357564416                                 {product} {ergonomic}
   size_t MinHeapDeltaBytes                        = 524288                                    {product} {ergonomic}
   size_t MinHeapSize                              = 104857600                                 {product} {command line}
   size_t NewSize                                  = 34603008                                  {product} {ergonomic}
    uintx NonNMethodCodeHeapSize                   = 5839372                                {pd product} {ergonomic}
    uintx NonProfiledCodeHeapSize                  = 122909434                              {pd product} {ergonomic}
   size_t OldSize                                  = 70254592                                  {product} {ergonomic}
    uintx ProfiledCodeHeapSize                     = 122909434                              {pd product} {ergonomic}
    uintx ReservedCodeCacheSize                    = 251658240                              {pd product} {ergonomic}
     bool SegmentedCodeCache                       = true                                      {product} {ergonomic}
   size_t SoftMaxHeapSize                          = 1073741824                             {manageable} {ergonomic}
     bool UseCompressedClassPointers               = true                           {product lp64_product} {ergonomic}
     bool UseCompressedOops                        = true                           {product lp64_product} {ergonomic}
     bool UseLargePagesIndividualAllocation        = false                                  {pd product} {ergonomic}
     bool UseParallelGC                            = true                                      {product} {command line}

Logging:
Log output configuration:
 #0: stdout all=off uptime,level,tags
 #1: stderr all=off uptime,level,tags

Environment Variables:
JAVA_HOME=C:\Program Files\Java\jdk-17
PATH=C:\Program Files\Common Files\Oracle\Java\javapath;c:\Users\HP\AppData\Local\Programs\cursor\resources\app\bin;C:\Program Files (x86)\VMware\VMware Workstation\bin\;C:\Program Files (x86)\Common Files\Intel\Shared Libraries\redist\intel64\compiler;C:\WINDOWS\system32;C:\WINDOWS;C:\WINDOWS\System32\Wbem;C:\WINDOWS\System32\WindowsPowerShell\v1.0\;C:\WINDOWS\System32\OpenSSH\;C:\Program Files (x86)\PuTTY\;C:\php-8.3.0;C:\Users\HP\AppData\Local\Microsoft\WindowsApps;c:\Users\HP\AppData\Local\Programs\cursor\resources\app\bin;c:\Users\HP\AppData\Local\Programs\cursor\resources\app\bin;C:\Program Files\Java\jdk-17\bin;C:\Program Files\Git\cmd;C:\Users\HP\AppData\Local\Microsoft\WindowsApps;C:\Users\HP\AppData\Local\Programs\Microsoft VS Code\bin;C:\Program Files\JetBrains\IntelliJ IDEA Community Edition 2024.1\bin;;C:\Users\HP\AppData\Local\GitHubDesktop\bin
USERNAME=HP
OS=Windows_NT
PROCESSOR_IDENTIFIER=Intel64 Family 6 Model 140 Stepping 1, GenuineIntel
TMP=C:\Users\HP\AppData\Local\Temp
TEMP=C:\Users\HP\AppData\Local\Temp



Periodic native trim disabled


---------------  S Y S T E M  ---------------

OS:
 Windows 11 , 64 bit Build 22621 (10.0.22621.3672)
OS uptime: 4 days 21:23 hours
Hyper-V role detected

CPU: total 8 (initial active 8) (4 cores per cpu, 2 threads per core) family 6 model 140 stepping 1 microcode 0xac, cx8, cmov, fxsr, ht, mmx, 3dnowpref, sse, sse2, sse3, ssse3, sse4.1, sse4.2, popcnt, lzcnt, tsc, tscinvbit, avx, avx2, aes, erms, clmul, bmi1, bmi2, adx, avx512f, avx512dq, avx512cd, avx512bw, avx512vl, sha, fma, vzeroupper, avx512_vpopcntdq, avx512_vpclmulqdq, avx512_vaes, avx512_vnni, clflush, clflushopt, clwb, avx512_vbmi2, avx512_vbmi, hv
Processor Information for all 8 processors :
  Max Mhz: 2803, Current Mhz: 2803, Mhz Limit: 2803

Memory: 4k page, system-wide physical 16149M (3821M free)
TotalPageFile size 16149M (AvailPageFile size 3M)
current process WorkingSet (physical memory assigned to process): 17M, peak: 17M
current process commit charge ("private bytes"): 158M, peak: 159M

vm_info: OpenJDK 64-Bit Server VM (17.0.11+9) for windows-amd64 JRE (17.0.11+9), built on Apr 17 2024 06:07:48 by "admin" with MS VC++ 16.10 / 16.11 (VS2019)

END.
